
*** Running vivado
    with args -log inclinometer_bidirec_0_1.vds -m64 -product Vivado -mode batch -messageDb vivado.pb -notrace -source inclinometer_bidirec_0_1.tcl



****** Vivado v2022.2 (64-bit)
  **** SW Build 3671981 on Fri Oct 14 05:00:03 MDT 2022
  **** IP Build 3669848 on Fri Oct 14 08:30:02 MDT 2022
    ** Copyright 1986-2022 Xilinx, Inc. All Rights Reserved.

source inclinometer_bidirec_0_1.tcl -notrace
create_project: Time (s): cpu = 00:00:03 ; elapsed = 00:00:10 . Memory (MB): peak = 445.398 ; gain = 98.070
INFO: [IP_Flow 19-234] Refreshing IP repositories
INFO: [IP_Flow 19-1700] Loaded user IP repository 'c:/Users/jadha/OneDrive/Desktop/ECE_544_ESD_with_FPGA/Assignments/ece544w23_project1_release_r1_0/IP/ece544ip_w23/nexys4io_3_0'.
INFO: [IP_Flow 19-2313] Loaded Vivado IP repository 'C:/Xilinx/Vivado/2022.2/data/ip'.
WARNING: [IP_Flow 19-4995] The host OS only allows 260 characters in a normal path. The IP cache path is more than 80 characters. If you experience issues with IP caching, please consider changing the IP cache to a location with a shorter path. Alternately consider using the OS subst command to map part of the path to a drive letter. 
Current IP cache path is c:/Users/jadha/OneDrive/Desktop/TA/ECE544-Winter24/Inclinometer/Inclinometer.cache/ip 
INFO: [IP_Flow 19-6924] IPCACHE: Running cache check for IP inst: inclinometer_bidirec_0_1
Command: synth_design -top inclinometer_bidirec_0_1 -part xc7a100tcsg324-1 -incremental_mode off -mode out_of_context
Starting synth_design
Attempting to get a license for feature 'Synthesis' and/or device 'xc7a100t'
INFO: [Common 17-349] Got license for feature 'Synthesis' and/or device 'xc7a100t'
INFO: [Device 21-403] Loading part xc7a100tcsg324-1
INFO: [Synth 8-7079] Multithreading enabled for synth_design using a maximum of 2 processes.
INFO: [Synth 8-7078] Launching helper process for spawning children vivado processes
INFO: [Synth 8-7075] Helper process launched with PID 23792
INFO: [Synth 8-11241] undeclared symbol 'REGCCE', assumed default net type 'wire' [C:/Xilinx/Vivado/2022.2/data/verilog/src/unimacro/BRAM_SINGLE_MACRO.v:2170]
---------------------------------------------------------------------------------
Starting RTL Elaboration : Time (s): cpu = 00:00:03 ; elapsed = 00:00:08 . Memory (MB): peak = 1277.574 ; gain = 408.012
---------------------------------------------------------------------------------
INFO: [Synth 8-6157] synthesizing module 'inclinometer_bidirec_0_1' [c:/Users/jadha/OneDrive/Desktop/TA/ECE544-Winter24/Inclinometer/Inclinometer.gen/sources_1/bd/inclinometer/ip/inclinometer_bidirec_0_1/synth/inclinometer_bidirec_0_1.v:53]
INFO: [Synth 8-6157] synthesizing module 'bidirec' [C:/Users/jadha/OneDrive/Desktop/TA/ECE544-Winter24/Inclinometer/Inclinometer.srcs/sources_1/imports/hdl/nexysa7fpga.v:146]
INFO: [Synth 8-6155] done synthesizing module 'bidirec' (0#1) [C:/Users/jadha/OneDrive/Desktop/TA/ECE544-Winter24/Inclinometer/Inclinometer.srcs/sources_1/imports/hdl/nexysa7fpga.v:146]
INFO: [Synth 8-6155] done synthesizing module 'inclinometer_bidirec_0_1' (0#1) [c:/Users/jadha/OneDrive/Desktop/TA/ECE544-Winter24/Inclinometer/Inclinometer.gen/sources_1/bd/inclinometer/ip/inclinometer_bidirec_0_1/synth/inclinometer_bidirec_0_1.v:53]
---------------------------------------------------------------------------------
Finished RTL Elaboration : Time (s): cpu = 00:00:04 ; elapsed = 00:00:10 . Memory (MB): peak = 1370.906 ; gain = 501.344
---------------------------------------------------------------------------------
---------------------------------------------------------------------------------
Start Handling Custom Attributes
---------------------------------------------------------------------------------
---------------------------------------------------------------------------------
Finished Handling Custom Attributes : Time (s): cpu = 00:00:04 ; elapsed = 00:00:10 . Memory (MB): peak = 1370.906 ; gain = 501.344
---------------------------------------------------------------------------------
---------------------------------------------------------------------------------
Finished RTL Optimization Phase 1 : Time (s): cpu = 00:00:04 ; elapsed = 00:00:10 . Memory (MB): peak = 1370.906 ; gain = 501.344
---------------------------------------------------------------------------------
Netlist sorting complete. Time (s): cpu = 00:00:00 ; elapsed = 00:00:00 . Memory (MB): peak = 1370.906 ; gain = 0.000
INFO: [Project 1-570] Preparing netlist for logic optimization

Processing XDC Constraints
Initializing timing engine
Completed Processing XDC Constraints

Netlist sorting complete. Time (s): cpu = 00:00:00 ; elapsed = 00:00:00 . Memory (MB): peak = 1389.539 ; gain = 0.000
INFO: [Project 1-111] Unisim Transformation Summary:
No Unisim elements were transformed.

Constraint Validation Runtime : Time (s): cpu = 00:00:00 ; elapsed = 00:00:00.023 . Memory (MB): peak = 1389.539 ; gain = 0.000
INFO: [Designutils 20-5008] Incremental synthesis strategy off
INFO: [Synth 8-11241] undeclared symbol 'REGCCE', assumed default net type 'wire' [C:/Xilinx/Vivado/2022.2/data/verilog/src/unimacro/BRAM_SINGLE_MACRO.v:2170]
---------------------------------------------------------------------------------
Finished Constraint Validation : Time (s): cpu = 00:00:08 ; elapsed = 00:00:21 . Memory (MB): peak = 1389.539 ; gain = 519.977
---------------------------------------------------------------------------------
---------------------------------------------------------------------------------
Start Loading Part and Timing Information
---------------------------------------------------------------------------------
Loading part: xc7a100tcsg324-1
---------------------------------------------------------------------------------
Finished Loading Part and Timing Information : Time (s): cpu = 00:00:08 ; elapsed = 00:00:21 . Memory (MB): peak = 1389.539 ; gain = 519.977
---------------------------------------------------------------------------------
---------------------------------------------------------------------------------
Start Applying 'set_property' XDC Constraints
---------------------------------------------------------------------------------
---------------------------------------------------------------------------------
Finished applying 'set_property' XDC Constraints : Time (s): cpu = 00:00:08 ; elapsed = 00:00:21 . Memory (MB): peak = 1389.539 ; gain = 519.977
---------------------------------------------------------------------------------
---------------------------------------------------------------------------------
Finished RTL Optimization Phase 2 : Time (s): cpu = 00:00:08 ; elapsed = 00:00:21 . Memory (MB): peak = 1389.539 ; gain = 519.977
---------------------------------------------------------------------------------
---------------------------------------------------------------------------------
Start RTL Component Statistics 
---------------------------------------------------------------------------------
Detailed RTL Component Info : 
---------------------------------------------------------------------------------
Finished RTL Component Statistics 
---------------------------------------------------------------------------------
---------------------------------------------------------------------------------
Start Part Resource Summary
---------------------------------------------------------------------------------
Part Resources:
DSPs: 240 (col length:80)
BRAMs: 270 (col length: RAMB18 80 RAMB36 40)
---------------------------------------------------------------------------------
Finished Part Resource Summary
---------------------------------------------------------------------------------
---------------------------------------------------------------------------------
Start Cross Boundary and Area Optimization
---------------------------------------------------------------------------------
WARNING: [Synth 8-7080] Parallel synthesis criteria is not met
---------------------------------------------------------------------------------
Finished Cross Boundary and Area Optimization : Time (s): cpu = 00:00:09 ; elapsed = 00:00:24 . Memory (MB): peak = 1389.539 ; gain = 519.977
---------------------------------------------------------------------------------
---------------------------------------------------------------------------------
Start Applying XDC Timing Constraints
---------------------------------------------------------------------------------
---------------------------------------------------------------------------------
Finished Applying XDC Timing Constraints : Time (s): cpu = 00:00:11 ; elapsed = 00:00:31 . Memory (MB): peak = 1389.539 ; gain = 519.977
---------------------------------------------------------------------------------
---------------------------------------------------------------------------------
Start Timing Optimization
---------------------------------------------------------------------------------
---------------------------------------------------------------------------------
Finished Timing Optimization : Time (s): cpu = 00:00:11 ; elapsed = 00:00:31 . Memory (MB): peak = 1389.539 ; gain = 519.977
---------------------------------------------------------------------------------
---------------------------------------------------------------------------------
Start Technology Mapping
---------------------------------------------------------------------------------
---------------------------------------------------------------------------------
Finished Technology Mapping : Time (s): cpu = 00:00:11 ; elapsed = 00:00:31 . Memory (MB): peak = 1389.539 ; gain = 519.977
---------------------------------------------------------------------------------
---------------------------------------------------------------------------------
Start IO Insertion
---------------------------------------------------------------------------------
---------------------------------------------------------------------------------
Start Flattening Before IO Insertion
---------------------------------------------------------------------------------
---------------------------------------------------------------------------------
Finished Flattening Before IO Insertion
---------------------------------------------------------------------------------
---------------------------------------------------------------------------------
Start Final Netlist Cleanup
---------------------------------------------------------------------------------
---------------------------------------------------------------------------------
Finished Final Netlist Cleanup
---------------------------------------------------------------------------------
CRITICAL WARNING: [Synth 8-5799] Converted tricell instance 'i_0' to logic
---------------------------------------------------------------------------------
Finished IO Insertion : Time (s): cpu = 00:00:13 ; elapsed = 00:00:37 . Memory (MB): peak = 1389.539 ; gain = 519.977
---------------------------------------------------------------------------------
---------------------------------------------------------------------------------
Start Renaming Generated Instances
---------------------------------------------------------------------------------
---------------------------------------------------------------------------------
Finished Renaming Generated Instances : Time (s): cpu = 00:00:13 ; elapsed = 00:00:37 . Memory (MB): peak = 1389.539 ; gain = 519.977
---------------------------------------------------------------------------------
---------------------------------------------------------------------------------
Start Rebuilding User Hierarchy
---------------------------------------------------------------------------------
---------------------------------------------------------------------------------
Finished Rebuilding User Hierarchy : Time (s): cpu = 00:00:13 ; elapsed = 00:00:37 . Memory (MB): peak = 1389.539 ; gain = 519.977
---------------------------------------------------------------------------------
---------------------------------------------------------------------------------
Start Renaming Generated Ports
---------------------------------------------------------------------------------
---------------------------------------------------------------------------------
Finished Renaming Generated Ports : Time (s): cpu = 00:00:13 ; elapsed = 00:00:37 . Memory (MB): peak = 1389.539 ; gain = 519.977
---------------------------------------------------------------------------------
---------------------------------------------------------------------------------
Start Handling Custom Attributes
---------------------------------------------------------------------------------
---------------------------------------------------------------------------------
Finished Handling Custom Attributes : Time (s): cpu = 00:00:13 ; elapsed = 00:00:37 . Memory (MB): peak = 1389.539 ; gain = 519.977
---------------------------------------------------------------------------------
---------------------------------------------------------------------------------
Start Renaming Generated Nets
---------------------------------------------------------------------------------
---------------------------------------------------------------------------------
Finished Renaming Generated Nets : Time (s): cpu = 00:00:13 ; elapsed = 00:00:37 . Memory (MB): peak = 1389.539 ; gain = 519.977
---------------------------------------------------------------------------------
---------------------------------------------------------------------------------
Start Writing Synthesis Report
---------------------------------------------------------------------------------

Report BlackBoxes: 
+-+--------------+----------+
| |BlackBox name |Instances |
+-+--------------+----------+
+-+--------------+----------+

Report Cell Usage: 
+------+-----+------+
|      |Cell |Count |
+------+-----+------+
|1     |LUT2 |     1|
+------+-----+------+
---------------------------------------------------------------------------------
Finished Writing Synthesis Report : Time (s): cpu = 00:00:13 ; elapsed = 00:00:37 . Memory (MB): peak = 1389.539 ; gain = 519.977
---------------------------------------------------------------------------------
Synthesis finished with 0 errors, 1 critical warnings and 1 warnings.
Synthesis Optimization Runtime : Time (s): cpu = 00:00:08 ; elapsed = 00:00:35 . Memory (MB): peak = 1389.539 ; gain = 501.344
Synthesis Optimization Complete : Time (s): cpu = 00:00:13 ; elapsed = 00:00:37 . Memory (MB): peak = 1389.539 ; gain = 519.977
INFO: [Project 1-571] Translating synthesized netlist
Netlist sorting complete. Time (s): cpu = 00:00:00 ; elapsed = 00:00:00 . Memory (MB): peak = 1391.504 ; gain = 0.000
INFO: [Project 1-570] Preparing netlist for logic optimization
INFO: [Opt 31-138] Pushed 0 inverter(s) to 0 load pin(s).
Netlist sorting complete. Time (s): cpu = 00:00:00 ; elapsed = 00:00:00 . Memory (MB): peak = 1399.148 ; gain = 0.000
INFO: [Project 1-111] Unisim Transformation Summary:
No Unisim elements were transformed.

Synth Design complete, checksum: 82b90f7b
INFO: [Common 17-83] Releasing license: Synthesis
23 Infos, 2 Warnings, 1 Critical Warnings and 0 Errors encountered.
synth_design completed successfully
synth_design: Time (s): cpu = 00:00:16 ; elapsed = 00:00:55 . Memory (MB): peak = 1399.148 ; gain = 921.008
INFO: [Common 17-1381] The checkpoint 'C:/Users/jadha/OneDrive/Desktop/TA/ECE544-Winter24/Inclinometer/Inclinometer.runs/inclinometer_bidirec_0_1_synth_1/inclinometer_bidirec_0_1.dcp' has been generated.
ERROR: [Designutils 20-1595] In entity inclinometer_bidirec_0_1, connectivity of net bidir cannot be represented in VHDL. VHDL lacks syntax to connect the following inout terminals to a differently-named net: 
   inout bidir

Resolution: Check whether terminals really need inout direction and substitute input or output as needed. It may also be possible to rename the net to match the terminal.
INFO: [runtcl-6] Synthesis results are not added to the cache due to CRITICAL_WARNING
INFO: [Common 17-1381] The checkpoint 'C:/Users/jadha/OneDrive/Desktop/TA/ECE544-Winter24/Inclinometer/Inclinometer.runs/inclinometer_bidirec_0_1_synth_1/inclinometer_bidirec_0_1.dcp' has been generated.
INFO: [runtcl-4] Executing : report_utilization -file inclinometer_bidirec_0_1_utilization_synth.rpt -pb inclinometer_bidirec_0_1_utilization_synth.pb
ERROR: [Designutils 20-1595] In entity inclinometer_bidirec_0_1, connectivity of net bidir cannot be represented in VHDL. VHDL lacks syntax to connect the following inout terminals to a differently-named net: 
   inout bidir

Resolution: Check whether terminals really need inout direction and substitute input or output as needed. It may also be possible to rename the net to match the terminal.
CRITICAL WARNING: Unable to successfully create the VHDL functional simulation sub-design file. Post-Synthesis Functional Simulation with this file may not be possible or may give incorrect results. Error reported: ERROR: [Vivado 12-3193] Failed to represent netlist as VHDL.  See preceding messages.

INFO: [Common 17-206] Exiting Vivado at Wed Jan 17 14:33:39 2024...
