Copyright 1986-2022 Xilinx, Inc. All Rights Reserved.
----------------------------------------------------------------------------------------------------------------------------------------------------------
| Tool Version     : Vivado v.2022.2 (win64) Build 3671981 Fri Oct 14 05:00:03 MDT 2022
| Date             : Tue Jan 30 17:13:44 2024
| Host             : Omkar running 64-bit major release  (build 9200)
| Command          : report_power -file inclinometer_power_routed.rpt -pb inclinometer_power_summary_routed.pb -rpx inclinometer_power_routed.rpx
| Design           : inclinometer
| Device           : xc7a100tcsg324-1
| Design State     : routed
| Grade            : commercial
| Process          : typical
| Characterization : Production
----------------------------------------------------------------------------------------------------------------------------------------------------------

Power Report

Table of Contents
-----------------
1. Summary
1.1 On-Chip Components
1.2 Power Supply Summary
1.3 Confidence Level
2. Settings
2.1 Environment
2.2 Clock Constraints
3. Detailed Reports
3.1 By Hierarchy

1. Summary
----------

+--------------------------+--------------+
| Total On-Chip Power (W)  | 0.243        |
| Design Power Budget (W)  | Unspecified* |
| Power Budget Margin (W)  | NA           |
| Dynamic (W)              | 0.144        |
| Device Static (W)        | 0.099        |
| Effective TJA (C/W)      | 4.6          |
| Max Ambient (C)          | 83.9         |
| Junction Temperature (C) | 26.1         |
| Confidence Level         | Low          |
| Setting File             | ---          |
| Simulation Activity File | ---          |
| Design Nets Matched      | NA           |
+--------------------------+--------------+
* Specify Design Power Budget using, set_operating_conditions -design_power_budget <value in Watts>


1.1 On-Chip Components
----------------------

+--------------------------+-----------+----------+-----------+-----------------+
| On-Chip                  | Power (W) | Used     | Available | Utilization (%) |
+--------------------------+-----------+----------+-----------+-----------------+
| Clocks                   |     0.015 |        7 |       --- |             --- |
| Slice Logic              |     0.006 |     7469 |       --- |             --- |
|   LUT as Logic           |     0.004 |     2506 |     63400 |            3.95 |
|   LUT as Distributed RAM |    <0.001 |       96 |     19000 |            0.51 |
|   CARRY4                 |    <0.001 |      129 |     15850 |            0.81 |
|   Register               |    <0.001 |     3044 |    126800 |            2.40 |
|   F7/F8 Muxes            |    <0.001 |      225 |     63400 |            0.35 |
|   LUT as Shift Register  |    <0.001 |      100 |     19000 |            0.53 |
|   Others                 |    <0.001 |      644 |       --- |             --- |
| Signals                  |     0.010 |     4982 |       --- |             --- |
| Block RAM                |     0.008 |       32 |       135 |           23.70 |
| MMCM                     |     0.106 |        1 |         6 |           16.67 |
| I/O                      |    <0.001 |       65 |       210 |           30.95 |
| Static Power             |     0.099 |          |           |                 |
| Total                    |     0.243 |          |           |                 |
+--------------------------+-----------+----------+-----------+-----------------+


1.2 Power Supply Summary
------------------------

+-----------+-------------+-----------+-------------+------------+-------------+-------------+------------+
| Source    | Voltage (V) | Total (A) | Dynamic (A) | Static (A) | Powerup (A) | Budget (A)  | Margin (A) |
+-----------+-------------+-----------+-------------+------------+-------------+-------------+------------+
| Vccint    |       1.000 |     0.054 |       0.038 |      0.016 |       NA    | Unspecified | NA         |
| Vccaux    |       1.800 |     0.077 |       0.059 |      0.018 |       NA    | Unspecified | NA         |
| Vcco33    |       3.300 |     0.004 |       0.000 |      0.004 |       NA    | Unspecified | NA         |
| Vcco25    |       2.500 |     0.000 |       0.000 |      0.000 |       NA    | Unspecified | NA         |
| Vcco18    |       1.800 |     0.000 |       0.000 |      0.000 |       NA    | Unspecified | NA         |
| Vcco15    |       1.500 |     0.000 |       0.000 |      0.000 |       NA    | Unspecified | NA         |
| Vcco135   |       1.350 |     0.000 |       0.000 |      0.000 |       NA    | Unspecified | NA         |
| Vcco12    |       1.200 |     0.000 |       0.000 |      0.000 |       NA    | Unspecified | NA         |
| Vccaux_io |       1.800 |     0.000 |       0.000 |      0.000 |       NA    | Unspecified | NA         |
| Vccbram   |       1.000 |     0.002 |       0.001 |      0.001 |       NA    | Unspecified | NA         |
| MGTAVcc   |       1.000 |     0.000 |       0.000 |      0.000 |       NA    | Unspecified | NA         |
| MGTAVtt   |       1.200 |     0.000 |       0.000 |      0.000 |       NA    | Unspecified | NA         |
| Vccadc    |       1.800 |     0.020 |       0.000 |      0.020 |       NA    | Unspecified | NA         |
+-----------+-------------+-----------+-------------+------------+-------------+-------------+------------+


1.3 Confidence Level
--------------------

+-----------------------------+------------+--------------------------------------------------------+------------------------------------------------------------------------------------------------------------+
| User Input Data             | Confidence | Details                                                | Action                                                                                                     |
+-----------------------------+------------+--------------------------------------------------------+------------------------------------------------------------------------------------------------------------+
| Design implementation state | High       | Design is routed                                       |                                                                                                            |
| Clock nodes activity        | High       | User specified more than 95% of clocks                 |                                                                                                            |
| I/O nodes activity          | Low        | More than 75% of inputs are missing user specification | Provide missing input activity with simulation results or by editing the "By Resource Type -> I/Os" view   |
| Internal nodes activity     | Medium     | User specified less than 25% of internal nodes         | Provide missing internal nodes activity with simulation results or by editing the "By Resource Type" views |
| Device models               | High       | Device models are Production                           |                                                                                                            |
|                             |            |                                                        |                                                                                                            |
| Overall confidence level    | Low        |                                                        |                                                                                                            |
+-----------------------------+------------+--------------------------------------------------------+------------------------------------------------------------------------------------------------------------+


2. Settings
-----------

2.1 Environment
---------------

+-----------------------+--------------------------+
| Ambient Temp (C)      | 25.0                     |
| ThetaJA (C/W)         | 4.6                      |
| Airflow (LFM)         | 250                      |
| Heat Sink             | medium (Medium Profile)  |
| ThetaSA (C/W)         | 4.6                      |
| Board Selection       | medium (10"x10")         |
| # of Board Layers     | 12to15 (12 to 15 Layers) |
| Board Temperature (C) | 25.0                     |
+-----------------------+--------------------------+


2.2 Clock Constraints
---------------------

+-------------------------------------------------+--------------------------------------------------+-----------------+
| Clock                                           | Domain                                           | Constraint (ns) |
+-------------------------------------------------+--------------------------------------------------+-----------------+
| clk_out1_inclinometer_clk_wiz_1_0               | clk_wiz_1/inst/clk_out1_inclinometer_clk_wiz_1_0 |            10.0 |
| clkfbout_inclinometer_clk_wiz_1_0               | clk_wiz_1/inst/clkfbout_inclinometer_clk_wiz_1_0 |            10.0 |
| mdm_1/U0/Use_E2.BSCAN_I/Use_E2.BSCANE2_I/DRCK   | mdm_1/U0/Use_E2.BSCAN_I/DRCK                     |            33.3 |
| mdm_1/U0/Use_E2.BSCAN_I/Use_E2.BSCANE2_I/UPDATE | mdm_1/U0/Use_E2.BSCAN_I/Dbg_Update_0             |            33.3 |
| sys_clock                                       | sys_clock                                        |            10.0 |
+-------------------------------------------------+--------------------------------------------------+-----------------+


3. Detailed Reports
-------------------

3.1 By Hierarchy
----------------

+----------------------------------+-----------+
| Name                             | Power (W) |
+----------------------------------+-----------+
| inclinometer                     |     0.144 |
|   axi_iic_0                      |     0.002 |
|     U0                           |     0.002 |
|       X_IIC                      |     0.002 |
|   axi_timer_0                    |     0.003 |
|     U0                           |     0.003 |
|       TC_CORE_I                  |     0.003 |
|   clk_wiz_1                      |     0.106 |
|     inst                         |     0.106 |
|   microblaze_0                   |     0.015 |
|     U0                           |     0.015 |
|       MicroBlaze_Core_I          |     0.015 |
|   microblaze_0_axi_intc          |     0.001 |
|     U0                           |     0.001 |
|   microblaze_0_axi_periph        |     0.001 |
|     xbar                         |     0.001 |
|       inst                       |     0.001 |
|   microblaze_0_local_memory      |     0.008 |
|     lmb_bram                     |     0.008 |
|       U0                         |     0.008 |
|   nexys4io_0                     |     0.004 |
|     inst                         |     0.004 |
|       nexys4io_v3_0_S00_AXI_inst |     0.004 |
+----------------------------------+-----------+


