
*** Running vivado
    with args -log inclinometer.vdi -applog -m64 -product Vivado -messageDb vivado.pb -mode batch -source inclinometer.tcl -notrace



****** Vivado v2022.2 (64-bit)
  **** SW Build 3671981 on Fri Oct 14 05:00:03 MDT 2022
  **** IP Build 3669848 on Fri Oct 14 08:30:02 MDT 2022
    ** Copyright 1986-2022 Xilinx, Inc. All Rights Reserved.

source inclinometer.tcl -notrace
create_project: Time (s): cpu = 00:00:00 ; elapsed = 00:00:05 . Memory (MB): peak = 445.922 ; gain = 95.219
INFO: [IP_Flow 19-234] Refreshing IP repositories
INFO: [IP_Flow 19-1700] Loaded user IP repository 'c:/Users/jadha/OneDrive/Desktop/ECE_544_ESD_with_FPGA/Assignments/ece544w23_project1_release_r1_0/IP/ece544ip_w23/nexys4io_3_0'.
INFO: [IP_Flow 19-2313] Loaded Vivado IP repository 'C:/Xilinx/Vivado/2022.2/data/ip'.
WARNING: [IP_Flow 19-4995] The host OS only allows 260 characters in a normal path. The IP cache path is more than 80 characters. If you experience issues with IP caching, please consider changing the IP cache to a location with a shorter path. Alternately consider using the OS subst command to map part of the path to a drive letter. 
Current IP cache path is C:/Users/jadha/OneDrive/Desktop/TA/ECE544-Winter24/github_repo/Inclinometer/Inclinometer/Inclinometer.cache/ip 
Command: link_design -top inclinometer -part xc7a100tcsg324-1
Design is defaulting to srcset: sources_1
Design is defaulting to constrset: constrs_1
INFO: [Device 21-403] Loading part xc7a100tcsg324-1
INFO: [Project 1-454] Reading design checkpoint 'c:/Users/jadha/OneDrive/Desktop/TA/ECE544-Winter24/github_repo/Inclinometer/Inclinometer/Inclinometer.gen/sources_1/bd/inclinometer/ip/inclinometer_axi_iic_0_1/inclinometer_axi_iic_0_1.dcp' for cell 'axi_iic_0'
INFO: [Project 1-454] Reading design checkpoint 'c:/Users/jadha/OneDrive/Desktop/TA/ECE544-Winter24/github_repo/Inclinometer/Inclinometer/Inclinometer.gen/sources_1/bd/inclinometer/ip/inclinometer_axi_timer_0_1/inclinometer_axi_timer_0_1.dcp' for cell 'axi_timer_0'
INFO: [Project 1-454] Reading design checkpoint 'c:/Users/jadha/OneDrive/Desktop/TA/ECE544-Winter24/github_repo/Inclinometer/Inclinometer/Inclinometer.gen/sources_1/bd/inclinometer/ip/inclinometer_axi_uartlite_0_0/inclinometer_axi_uartlite_0_0.dcp' for cell 'axi_uartlite_0'
INFO: [Project 1-454] Reading design checkpoint 'c:/Users/jadha/OneDrive/Desktop/TA/ECE544-Winter24/github_repo/Inclinometer/Inclinometer/Inclinometer.gen/sources_1/bd/inclinometer/ip/inclinometer_bidirec_0_0/inclinometer_bidirec_0_0.dcp' for cell 'bidirec_0'
INFO: [Project 1-454] Reading design checkpoint 'c:/Users/jadha/OneDrive/Desktop/TA/ECE544-Winter24/github_repo/Inclinometer/Inclinometer/Inclinometer.gen/sources_1/bd/inclinometer/ip/inclinometer_bidirec_1_0/inclinometer_bidirec_1_0.dcp' for cell 'bidirec_1'
INFO: [Project 1-454] Reading design checkpoint 'c:/Users/jadha/OneDrive/Desktop/TA/ECE544-Winter24/github_repo/Inclinometer/Inclinometer/Inclinometer.gen/sources_1/bd/inclinometer/ip/inclinometer_clk_wiz_1_0/inclinometer_clk_wiz_1_0.dcp' for cell 'clk_wiz_1'
INFO: [Project 1-454] Reading design checkpoint 'c:/Users/jadha/OneDrive/Desktop/TA/ECE544-Winter24/github_repo/Inclinometer/Inclinometer/Inclinometer.gen/sources_1/bd/inclinometer/ip/inclinometer_mdm_1_1/inclinometer_mdm_1_1.dcp' for cell 'mdm_1'
INFO: [Project 1-454] Reading design checkpoint 'c:/Users/jadha/OneDrive/Desktop/TA/ECE544-Winter24/github_repo/Inclinometer/Inclinometer/Inclinometer.gen/sources_1/bd/inclinometer/ip/inclinometer_microblaze_0_3/inclinometer_microblaze_0_3.dcp' for cell 'microblaze_0'
INFO: [Project 1-454] Reading design checkpoint 'c:/Users/jadha/OneDrive/Desktop/TA/ECE544-Winter24/github_repo/Inclinometer/Inclinometer/Inclinometer.gen/sources_1/bd/inclinometer/ip/inclinometer_microblaze_0_axi_intc_1/inclinometer_microblaze_0_axi_intc_1.dcp' for cell 'microblaze_0_axi_intc'
INFO: [Project 1-454] Reading design checkpoint 'c:/Users/jadha/OneDrive/Desktop/TA/ECE544-Winter24/github_repo/Inclinometer/Inclinometer/Inclinometer.gen/sources_1/bd/inclinometer/ip/inclinometer_nexys4io_0_2/inclinometer_nexys4io_0_2.dcp' for cell 'nexys4io_0'
INFO: [Project 1-454] Reading design checkpoint 'c:/Users/jadha/OneDrive/Desktop/TA/ECE544-Winter24/github_repo/Inclinometer/Inclinometer/Inclinometer.gen/sources_1/bd/inclinometer/ip/inclinometer_rst_clk_wiz_1_100M_0/inclinometer_rst_clk_wiz_1_100M_0.dcp' for cell 'rst_clk_wiz_1_100M'
INFO: [Project 1-454] Reading design checkpoint 'c:/Users/jadha/OneDrive/Desktop/TA/ECE544-Winter24/github_repo/Inclinometer/Inclinometer/Inclinometer.gen/sources_1/bd/inclinometer/ip/inclinometer_xbar_2/inclinometer_xbar_2.dcp' for cell 'microblaze_0_axi_periph/xbar'
INFO: [Project 1-454] Reading design checkpoint 'c:/Users/jadha/OneDrive/Desktop/TA/ECE544-Winter24/github_repo/Inclinometer/Inclinometer/Inclinometer.gen/sources_1/bd/inclinometer/ip/inclinometer_dlmb_bram_if_cntlr_3/inclinometer_dlmb_bram_if_cntlr_3.dcp' for cell 'microblaze_0_local_memory/dlmb_bram_if_cntlr'
INFO: [Project 1-454] Reading design checkpoint 'c:/Users/jadha/OneDrive/Desktop/TA/ECE544-Winter24/github_repo/Inclinometer/Inclinometer/Inclinometer.gen/sources_1/bd/inclinometer/ip/inclinometer_dlmb_v10_3/inclinometer_dlmb_v10_3.dcp' for cell 'microblaze_0_local_memory/dlmb_v10'
INFO: [Project 1-454] Reading design checkpoint 'c:/Users/jadha/OneDrive/Desktop/TA/ECE544-Winter24/github_repo/Inclinometer/Inclinometer/Inclinometer.gen/sources_1/bd/inclinometer/ip/inclinometer_ilmb_bram_if_cntlr_3/inclinometer_ilmb_bram_if_cntlr_3.dcp' for cell 'microblaze_0_local_memory/ilmb_bram_if_cntlr'
INFO: [Project 1-454] Reading design checkpoint 'c:/Users/jadha/OneDrive/Desktop/TA/ECE544-Winter24/github_repo/Inclinometer/Inclinometer/Inclinometer.gen/sources_1/bd/inclinometer/ip/inclinometer_ilmb_v10_3/inclinometer_ilmb_v10_3.dcp' for cell 'microblaze_0_local_memory/ilmb_v10'
INFO: [Project 1-454] Reading design checkpoint 'c:/Users/jadha/OneDrive/Desktop/TA/ECE544-Winter24/github_repo/Inclinometer/Inclinometer/Inclinometer.gen/sources_1/bd/inclinometer/ip/inclinometer_lmb_bram_3/inclinometer_lmb_bram_3.dcp' for cell 'microblaze_0_local_memory/lmb_bram'
Netlist sorting complete. Time (s): cpu = 00:00:00 ; elapsed = 00:00:00.186 . Memory (MB): peak = 974.840 ; gain = 0.000
INFO: [Netlist 29-17] Analyzing 517 Unisim elements for replacement
INFO: [Netlist 29-28] Unisim Transformation completed in 0 CPU seconds
INFO: [Project 1-479] Netlist was created with Vivado 2022.2
INFO: [Project 1-570] Preparing netlist for logic optimization
WARNING: [Constraints 18-550] Could not create 'SLEW' constraint because net 'bidirec_0/inp' is not directly connected to top level port. Synthesis is ignored for SLEW but preserved for implementation.
WARNING: [Constraints 18-550] Could not create 'DRIVE' constraint because net 'bidirec_0/inp' is not directly connected to top level port. Synthesis is ignored for DRIVE but preserved for implementation.
WARNING: [Constraints 18-550] Could not create 'IBUF_LOW_PWR' constraint because net 'bidirec_0/inp' is not directly connected to top level port. Synthesis is ignored for IBUF_LOW_PWR but preserved for implementation.
WARNING: [Constraints 18-550] Could not create 'IOSTANDARD' constraint because net 'bidirec_0/inp' is not directly connected to top level port. Synthesis is ignored for IOSTANDARD but preserved for implementation.
WARNING: [Constraints 18-550] Could not create 'SLEW' constraint because net 'bidirec_0/oe' is not directly connected to top level port. Synthesis is ignored for SLEW but preserved for implementation.
WARNING: [Constraints 18-550] Could not create 'DRIVE' constraint because net 'bidirec_0/oe' is not directly connected to top level port. Synthesis is ignored for DRIVE but preserved for implementation.
WARNING: [Constraints 18-550] Could not create 'IBUF_LOW_PWR' constraint because net 'bidirec_0/oe' is not directly connected to top level port. Synthesis is ignored for IBUF_LOW_PWR but preserved for implementation.
WARNING: [Constraints 18-550] Could not create 'IOSTANDARD' constraint because net 'bidirec_0/oe' is not directly connected to top level port. Synthesis is ignored for IOSTANDARD but preserved for implementation.
WARNING: [Constraints 18-550] Could not create 'SLEW' constraint because net 'bidirec_0/outp' is not directly connected to top level port. Synthesis is ignored for SLEW but preserved for implementation.
WARNING: [Constraints 18-550] Could not create 'DRIVE' constraint because net 'bidirec_0/outp' is not directly connected to top level port. Synthesis is ignored for DRIVE but preserved for implementation.
WARNING: [Constraints 18-550] Could not create 'IBUF_LOW_PWR' constraint because net 'bidirec_0/outp' is not directly connected to top level port. Synthesis is ignored for IBUF_LOW_PWR but preserved for implementation.
WARNING: [Constraints 18-550] Could not create 'IOSTANDARD' constraint because net 'bidirec_0/outp' is not directly connected to top level port. Synthesis is ignored for IOSTANDARD but preserved for implementation.
WARNING: [Constraints 18-550] Could not create 'SLEW' constraint because net 'bidirec_1/inp' is not directly connected to top level port. Synthesis is ignored for SLEW but preserved for implementation.
WARNING: [Constraints 18-550] Could not create 'DRIVE' constraint because net 'bidirec_1/inp' is not directly connected to top level port. Synthesis is ignored for DRIVE but preserved for implementation.
WARNING: [Constraints 18-550] Could not create 'IBUF_LOW_PWR' constraint because net 'bidirec_1/inp' is not directly connected to top level port. Synthesis is ignored for IBUF_LOW_PWR but preserved for implementation.
WARNING: [Constraints 18-550] Could not create 'IOSTANDARD' constraint because net 'bidirec_1/inp' is not directly connected to top level port. Synthesis is ignored for IOSTANDARD but preserved for implementation.
WARNING: [Constraints 18-550] Could not create 'SLEW' constraint because net 'bidirec_1/oe' is not directly connected to top level port. Synthesis is ignored for SLEW but preserved for implementation.
WARNING: [Constraints 18-550] Could not create 'DRIVE' constraint because net 'bidirec_1/oe' is not directly connected to top level port. Synthesis is ignored for DRIVE but preserved for implementation.
WARNING: [Constraints 18-550] Could not create 'IBUF_LOW_PWR' constraint because net 'bidirec_1/oe' is not directly connected to top level port. Synthesis is ignored for IBUF_LOW_PWR but preserved for implementation.
WARNING: [Constraints 18-550] Could not create 'IOSTANDARD' constraint because net 'bidirec_1/oe' is not directly connected to top level port. Synthesis is ignored for IOSTANDARD but preserved for implementation.
WARNING: [Constraints 18-550] Could not create 'SLEW' constraint because net 'bidirec_1/outp' is not directly connected to top level port. Synthesis is ignored for SLEW but preserved for implementation.
WARNING: [Constraints 18-550] Could not create 'DRIVE' constraint because net 'bidirec_1/outp' is not directly connected to top level port. Synthesis is ignored for DRIVE but preserved for implementation.
WARNING: [Constraints 18-550] Could not create 'IBUF_LOW_PWR' constraint because net 'bidirec_1/outp' is not directly connected to top level port. Synthesis is ignored for IBUF_LOW_PWR but preserved for implementation.
WARNING: [Constraints 18-550] Could not create 'IOSTANDARD' constraint because net 'bidirec_1/outp' is not directly connected to top level port. Synthesis is ignored for IOSTANDARD but preserved for implementation.
Parsing XDC File [c:/Users/jadha/OneDrive/Desktop/TA/ECE544-Winter24/github_repo/Inclinometer/Inclinometer/Inclinometer.gen/sources_1/bd/inclinometer/ip/inclinometer_microblaze_0_axi_intc_1/inclinometer_microblaze_0_axi_intc_1.xdc] for cell 'microblaze_0_axi_intc/U0'
Finished Parsing XDC File [c:/Users/jadha/OneDrive/Desktop/TA/ECE544-Winter24/github_repo/Inclinometer/Inclinometer/Inclinometer.gen/sources_1/bd/inclinometer/ip/inclinometer_microblaze_0_axi_intc_1/inclinometer_microblaze_0_axi_intc_1.xdc] for cell 'microblaze_0_axi_intc/U0'
Parsing XDC File [c:/Users/jadha/OneDrive/Desktop/TA/ECE544-Winter24/github_repo/Inclinometer/Inclinometer/Inclinometer.gen/sources_1/bd/inclinometer/ip/inclinometer_clk_wiz_1_0/inclinometer_clk_wiz_1_0_board.xdc] for cell 'clk_wiz_1/inst'
Finished Parsing XDC File [c:/Users/jadha/OneDrive/Desktop/TA/ECE544-Winter24/github_repo/Inclinometer/Inclinometer/Inclinometer.gen/sources_1/bd/inclinometer/ip/inclinometer_clk_wiz_1_0/inclinometer_clk_wiz_1_0_board.xdc] for cell 'clk_wiz_1/inst'
Parsing XDC File [c:/Users/jadha/OneDrive/Desktop/TA/ECE544-Winter24/github_repo/Inclinometer/Inclinometer/Inclinometer.gen/sources_1/bd/inclinometer/ip/inclinometer_clk_wiz_1_0/inclinometer_clk_wiz_1_0.xdc] for cell 'clk_wiz_1/inst'
INFO: [Timing 38-35] Done setting XDC timing constraints. [c:/Users/jadha/OneDrive/Desktop/TA/ECE544-Winter24/github_repo/Inclinometer/Inclinometer/Inclinometer.gen/sources_1/bd/inclinometer/ip/inclinometer_clk_wiz_1_0/inclinometer_clk_wiz_1_0.xdc:57]
INFO: [Timing 38-2] Deriving generated clocks [c:/Users/jadha/OneDrive/Desktop/TA/ECE544-Winter24/github_repo/Inclinometer/Inclinometer/Inclinometer.gen/sources_1/bd/inclinometer/ip/inclinometer_clk_wiz_1_0/inclinometer_clk_wiz_1_0.xdc:57]
get_clocks: Time (s): cpu = 00:00:01 ; elapsed = 00:00:06 . Memory (MB): peak = 1690.102 ; gain = 580.801
Finished Parsing XDC File [c:/Users/jadha/OneDrive/Desktop/TA/ECE544-Winter24/github_repo/Inclinometer/Inclinometer/Inclinometer.gen/sources_1/bd/inclinometer/ip/inclinometer_clk_wiz_1_0/inclinometer_clk_wiz_1_0.xdc] for cell 'clk_wiz_1/inst'
Parsing XDC File [c:/Users/jadha/OneDrive/Desktop/TA/ECE544-Winter24/github_repo/Inclinometer/Inclinometer/Inclinometer.gen/sources_1/bd/inclinometer/ip/inclinometer_rst_clk_wiz_1_100M_0/inclinometer_rst_clk_wiz_1_100M_0_board.xdc] for cell 'rst_clk_wiz_1_100M/U0'
Finished Parsing XDC File [c:/Users/jadha/OneDrive/Desktop/TA/ECE544-Winter24/github_repo/Inclinometer/Inclinometer/Inclinometer.gen/sources_1/bd/inclinometer/ip/inclinometer_rst_clk_wiz_1_100M_0/inclinometer_rst_clk_wiz_1_100M_0_board.xdc] for cell 'rst_clk_wiz_1_100M/U0'
Parsing XDC File [c:/Users/jadha/OneDrive/Desktop/TA/ECE544-Winter24/github_repo/Inclinometer/Inclinometer/Inclinometer.gen/sources_1/bd/inclinometer/ip/inclinometer_rst_clk_wiz_1_100M_0/inclinometer_rst_clk_wiz_1_100M_0.xdc] for cell 'rst_clk_wiz_1_100M/U0'
Finished Parsing XDC File [c:/Users/jadha/OneDrive/Desktop/TA/ECE544-Winter24/github_repo/Inclinometer/Inclinometer/Inclinometer.gen/sources_1/bd/inclinometer/ip/inclinometer_rst_clk_wiz_1_100M_0/inclinometer_rst_clk_wiz_1_100M_0.xdc] for cell 'rst_clk_wiz_1_100M/U0'
Parsing XDC File [c:/Users/jadha/OneDrive/Desktop/TA/ECE544-Winter24/github_repo/Inclinometer/Inclinometer/Inclinometer.gen/sources_1/bd/inclinometer/ip/inclinometer_axi_timer_0_1/inclinometer_axi_timer_0_1.xdc] for cell 'axi_timer_0/U0'
Finished Parsing XDC File [c:/Users/jadha/OneDrive/Desktop/TA/ECE544-Winter24/github_repo/Inclinometer/Inclinometer/Inclinometer.gen/sources_1/bd/inclinometer/ip/inclinometer_axi_timer_0_1/inclinometer_axi_timer_0_1.xdc] for cell 'axi_timer_0/U0'
Parsing XDC File [c:/Users/jadha/OneDrive/Desktop/TA/ECE544-Winter24/github_repo/Inclinometer/Inclinometer/Inclinometer.gen/sources_1/bd/inclinometer/ip/inclinometer_axi_uartlite_0_0/inclinometer_axi_uartlite_0_0_board.xdc] for cell 'axi_uartlite_0/U0'
Finished Parsing XDC File [c:/Users/jadha/OneDrive/Desktop/TA/ECE544-Winter24/github_repo/Inclinometer/Inclinometer/Inclinometer.gen/sources_1/bd/inclinometer/ip/inclinometer_axi_uartlite_0_0/inclinometer_axi_uartlite_0_0_board.xdc] for cell 'axi_uartlite_0/U0'
Parsing XDC File [c:/Users/jadha/OneDrive/Desktop/TA/ECE544-Winter24/github_repo/Inclinometer/Inclinometer/Inclinometer.gen/sources_1/bd/inclinometer/ip/inclinometer_axi_uartlite_0_0/inclinometer_axi_uartlite_0_0.xdc] for cell 'axi_uartlite_0/U0'
Finished Parsing XDC File [c:/Users/jadha/OneDrive/Desktop/TA/ECE544-Winter24/github_repo/Inclinometer/Inclinometer/Inclinometer.gen/sources_1/bd/inclinometer/ip/inclinometer_axi_uartlite_0_0/inclinometer_axi_uartlite_0_0.xdc] for cell 'axi_uartlite_0/U0'
Parsing XDC File [c:/Users/jadha/OneDrive/Desktop/TA/ECE544-Winter24/github_repo/Inclinometer/Inclinometer/Inclinometer.gen/sources_1/bd/inclinometer/ip/inclinometer_axi_iic_0_1/inclinometer_axi_iic_0_1_board.xdc] for cell 'axi_iic_0/U0'
Finished Parsing XDC File [c:/Users/jadha/OneDrive/Desktop/TA/ECE544-Winter24/github_repo/Inclinometer/Inclinometer/Inclinometer.gen/sources_1/bd/inclinometer/ip/inclinometer_axi_iic_0_1/inclinometer_axi_iic_0_1_board.xdc] for cell 'axi_iic_0/U0'
Parsing XDC File [c:/Users/jadha/OneDrive/Desktop/TA/ECE544-Winter24/github_repo/Inclinometer/Inclinometer/Inclinometer.gen/sources_1/bd/inclinometer/ip/inclinometer_microblaze_0_3/inclinometer_microblaze_0_3.xdc] for cell 'microblaze_0/U0'
Finished Parsing XDC File [c:/Users/jadha/OneDrive/Desktop/TA/ECE544-Winter24/github_repo/Inclinometer/Inclinometer/Inclinometer.gen/sources_1/bd/inclinometer/ip/inclinometer_microblaze_0_3/inclinometer_microblaze_0_3.xdc] for cell 'microblaze_0/U0'
Parsing XDC File [C:/Users/jadha/OneDrive/Desktop/TA/ECE544-Winter24/github_repo/Inclinometer/Inclinometer/Inclinometer.srcs/constrs_1/imports/src/rvfpganexys.xdc]
Finished Parsing XDC File [C:/Users/jadha/OneDrive/Desktop/TA/ECE544-Winter24/github_repo/Inclinometer/Inclinometer/Inclinometer.srcs/constrs_1/imports/src/rvfpganexys.xdc]
Parsing XDC File [c:/Users/jadha/OneDrive/Desktop/TA/ECE544-Winter24/github_repo/Inclinometer/Inclinometer/Inclinometer.gen/sources_1/bd/inclinometer/ip/inclinometer_microblaze_0_axi_intc_1/inclinometer_microblaze_0_axi_intc_1_clocks.xdc] for cell 'microblaze_0_axi_intc/U0'
Finished Parsing XDC File [c:/Users/jadha/OneDrive/Desktop/TA/ECE544-Winter24/github_repo/Inclinometer/Inclinometer/Inclinometer.gen/sources_1/bd/inclinometer/ip/inclinometer_microblaze_0_axi_intc_1/inclinometer_microblaze_0_axi_intc_1_clocks.xdc] for cell 'microblaze_0_axi_intc/U0'
Parsing XDC File [c:/Users/jadha/OneDrive/Desktop/TA/ECE544-Winter24/github_repo/Inclinometer/Inclinometer/Inclinometer.gen/sources_1/bd/inclinometer/ip/inclinometer_mdm_1_1/inclinometer_mdm_1_1.xdc] for cell 'mdm_1/U0'
Finished Parsing XDC File [c:/Users/jadha/OneDrive/Desktop/TA/ECE544-Winter24/github_repo/Inclinometer/Inclinometer/Inclinometer.gen/sources_1/bd/inclinometer/ip/inclinometer_mdm_1_1/inclinometer_mdm_1_1.xdc] for cell 'mdm_1/U0'
INFO: [Opt 31-138] Pushed 0 inverter(s) to 0 load pin(s).
Generating merged BMM file for the design top 'inclinometer'...
Netlist sorting complete. Time (s): cpu = 00:00:00 ; elapsed = 00:00:00.008 . Memory (MB): peak = 1690.102 ; gain = 0.000
INFO: [Project 1-111] Unisim Transformation Summary:
  A total of 130 instances were transformed.
  IOBUF => IOBUF (IBUF, OBUFT): 2 instances
  LUT6_2 => LUT6_2 (LUT5, LUT6): 80 instances
  RAM16X1D => RAM32X1D (RAMD32(x2)): 32 instances
  RAM32M => RAM32M (RAMD32(x6), RAMS32(x2)): 16 instances

29 Infos, 25 Warnings, 0 Critical Warnings and 0 Errors encountered.
link_design completed successfully
link_design: Time (s): cpu = 00:00:02 ; elapsed = 00:00:27 . Memory (MB): peak = 1690.102 ; gain = 1187.016
Command: opt_design
Attempting to get a license for feature 'Implementation' and/or device 'xc7a100t'
INFO: [Common 17-349] Got license for feature 'Implementation' and/or device 'xc7a100t'
Running DRC as a precondition to command opt_design

Starting DRC Task
INFO: [DRC 23-27] Running DRC with 2 threads
INFO: [Project 1-461] DRC finished with 0 Errors
INFO: [Project 1-462] Please refer to the DRC report (report_drc) for more information.

Time (s): cpu = 00:00:01 ; elapsed = 00:00:00.951 . Memory (MB): peak = 1690.102 ; gain = 0.000

Starting Cache Timing Information Task
INFO: [Timing 38-35] Done setting XDC timing constraints.
Ending Cache Timing Information Task | Checksum: b28d930d

Time (s): cpu = 00:00:00 ; elapsed = 00:00:00.269 . Memory (MB): peak = 1710.020 ; gain = 19.918

Starting Logic Optimization Task

Phase 1 Retarget
INFO: [Opt 31-1287] Pulled Inverter mdm_1/U0/MDM_Core_I1/JTAG_CONTROL_I/Use_BSCAN.FDC_I/Use_Serial_Unified_Completion.Completion_Status_Register.sample_1[15]_i_1 into driver instance mdm_1/U0/MDM_Core_I1/JTAG_CONTROL_I/Use_BSCAN.FDC_I/Use_Serial_Unified_Completion.Completion_Status_Register.sample_1[15]_i_2, which resulted in an inversion of 14 pins
INFO: [Opt 31-138] Pushed 2 inverter(s) to 2 load pin(s).
INFO: [Opt 31-49] Retargeted 0 cell(s).
Phase 1 Retarget | Checksum: 2110ac11e

Time (s): cpu = 00:00:00 ; elapsed = 00:00:00.326 . Memory (MB): peak = 2039.875 ; gain = 0.000
INFO: [Opt 31-389] Phase Retarget created 165 cells and removed 237 cells
INFO: [Opt 31-1021] In phase Retarget, 3 netlist objects are constrained preventing optimization. Please run opt_design with -debug_log to get more detail. 

Phase 2 Constant propagation
INFO: [Opt 31-138] Pushed 0 inverter(s) to 0 load pin(s).
Phase 2 Constant propagation | Checksum: 170513785

Time (s): cpu = 00:00:00 ; elapsed = 00:00:00.363 . Memory (MB): peak = 2039.875 ; gain = 0.000
INFO: [Opt 31-389] Phase Constant propagation created 5 cells and removed 36 cells
INFO: [Opt 31-1021] In phase Constant propagation, 1 netlist objects are constrained preventing optimization. Please run opt_design with -debug_log to get more detail. 

Phase 3 Sweep
Phase 3 Sweep | Checksum: 1c38f8892

Time (s): cpu = 00:00:00 ; elapsed = 00:00:00.527 . Memory (MB): peak = 2039.875 ; gain = 0.000
INFO: [Opt 31-389] Phase Sweep created 16 cells and removed 81 cells
INFO: [Opt 31-1021] In phase Sweep, 1 netlist objects are constrained preventing optimization. Please run opt_design with -debug_log to get more detail. 

Phase 4 BUFG optimization
INFO: [Opt 31-194] Inserted BUFG mdm_1/U0/Use_E2.BSCAN_I/Dbg_Update_0_BUFG_inst to drive 42 load(s) on clock net mdm_1/U0/Use_E2.BSCAN_I/Dbg_Update_0_BUFG
INFO: [Opt 31-193] Inserted 1 BUFG(s) on clock nets
Phase 4 BUFG optimization | Checksum: 17dc62eb6

Time (s): cpu = 00:00:00 ; elapsed = 00:00:00.609 . Memory (MB): peak = 2039.875 ; gain = 0.000
INFO: [Opt 31-662] Phase BUFG optimization created 1 cells of which 1 are BUFGs and removed 0 cells.

Phase 5 Shift Register Optimization
INFO: [Opt 31-1064] SRL Remap converted 0 SRLs to 0 registers and converted 0 registers of register chains to 0 SRLs
Phase 5 Shift Register Optimization | Checksum: 17dc62eb6

Time (s): cpu = 00:00:00 ; elapsed = 00:00:00.623 . Memory (MB): peak = 2039.875 ; gain = 0.000
INFO: [Opt 31-389] Phase Shift Register Optimization created 0 cells and removed 0 cells

Phase 6 Post Processing Netlist
Phase 6 Post Processing Netlist | Checksum: 17c3d8330

Time (s): cpu = 00:00:00 ; elapsed = 00:00:00.649 . Memory (MB): peak = 2039.875 ; gain = 0.000
INFO: [Opt 31-389] Phase Post Processing Netlist created 0 cells and removed 0 cells
INFO: [Opt 31-1021] In phase Post Processing Netlist, 1 netlist objects are constrained preventing optimization. Please run opt_design with -debug_log to get more detail. 
Opt_design Change Summary
=========================


-------------------------------------------------------------------------------------------------------------------------
|  Phase                        |  #Cells created  |  #Cells Removed  |  #Constrained objects preventing optimizations  |
-------------------------------------------------------------------------------------------------------------------------
|  Retarget                     |             165  |             237  |                                              3  |
|  Constant propagation         |               5  |              36  |                                              1  |
|  Sweep                        |              16  |              81  |                                              1  |
|  BUFG optimization            |               1  |               0  |                                              0  |
|  Shift Register Optimization  |               0  |               0  |                                              0  |
|  Post Processing Netlist      |               0  |               0  |                                              1  |
-------------------------------------------------------------------------------------------------------------------------



Starting Connectivity Check Task

Time (s): cpu = 00:00:00 ; elapsed = 00:00:00.008 . Memory (MB): peak = 2039.875 ; gain = 0.000
Ending Logic Optimization Task | Checksum: 1b7d49173

Time (s): cpu = 00:00:00 ; elapsed = 00:00:00.802 . Memory (MB): peak = 2039.875 ; gain = 0.000

Starting Power Optimization Task
INFO: [Pwropt 34-132] Skipping clock gating for clocks with a period < 2.00 ns.
INFO: [Timing 38-35] Done setting XDC timing constraints.
Running Vector-less Activity Propagation...

Finished Running Vector-less Activity Propagation
INFO: [Pwropt 34-9] Applying IDT optimizations ...
INFO: [Pwropt 34-10] Applying ODC optimizations ...


Starting PowerOpt Patch Enables Task
INFO: [Pwropt 34-162] WRITE_MODE attribute of 0 BRAM(s) out of a total of 32 has been updated to save power. Run report_power_opt to get a complete listing of the BRAMs updated.
INFO: [Pwropt 34-201] Structural ODC has moved 0 WE to EN ports
Number of BRAM Ports augmented: 0 newly gated: 0 Total Ports: 64
Ending PowerOpt Patch Enables Task | Checksum: 1b7d49173

Time (s): cpu = 00:00:00 ; elapsed = 00:00:00.111 . Memory (MB): peak = 2129.996 ; gain = 0.000
Ending Power Optimization Task | Checksum: 1b7d49173

Time (s): cpu = 00:00:01 ; elapsed = 00:00:03 . Memory (MB): peak = 2129.996 ; gain = 90.121

Starting Final Cleanup Task
Ending Final Cleanup Task | Checksum: 1b7d49173

Time (s): cpu = 00:00:00 ; elapsed = 00:00:00.001 . Memory (MB): peak = 2129.996 ; gain = 0.000

Starting Netlist Obfuscation Task
Netlist sorting complete. Time (s): cpu = 00:00:00 ; elapsed = 00:00:00.007 . Memory (MB): peak = 2129.996 ; gain = 0.000
Ending Netlist Obfuscation Task | Checksum: 1b7d49173

Time (s): cpu = 00:00:00 ; elapsed = 00:00:00.008 . Memory (MB): peak = 2129.996 ; gain = 0.000
INFO: [Common 17-83] Releasing license: Implementation
58 Infos, 25 Warnings, 0 Critical Warnings and 0 Errors encountered.
opt_design completed successfully
opt_design: Time (s): cpu = 00:00:02 ; elapsed = 00:00:07 . Memory (MB): peak = 2129.996 ; gain = 439.895
INFO: [Timing 38-35] Done setting XDC timing constraints.
INFO: [Timing 38-480] Writing timing data to binary archive.
Writing XDEF routing.
Writing XDEF routing logical nets.
Writing XDEF routing special nets.
Write XDEF Complete: Time (s): cpu = 00:00:00 ; elapsed = 00:00:00.032 . Memory (MB): peak = 2129.996 ; gain = 0.000
INFO: [Common 17-1381] The checkpoint 'C:/Users/jadha/OneDrive/Desktop/TA/ECE544-Winter24/github_repo/Inclinometer/Inclinometer/Inclinometer.runs/impl_1/inclinometer_opt.dcp' has been generated.
INFO: [runtcl-4] Executing : report_drc -file inclinometer_drc_opted.rpt -pb inclinometer_drc_opted.pb -rpx inclinometer_drc_opted.rpx
Command: report_drc -file inclinometer_drc_opted.rpt -pb inclinometer_drc_opted.pb -rpx inclinometer_drc_opted.rpx
INFO: [IP_Flow 19-1839] IP Catalog is up to date.
INFO: [DRC 23-27] Running DRC with 2 threads
INFO: [Vivado_Tcl 2-168] The results of DRC are in file C:/Users/jadha/OneDrive/Desktop/TA/ECE544-Winter24/github_repo/Inclinometer/Inclinometer/Inclinometer.runs/impl_1/inclinometer_drc_opted.rpt.
report_drc completed successfully
Command: place_design
Attempting to get a license for feature 'Implementation' and/or device 'xc7a100t'
INFO: [Common 17-349] Got license for feature 'Implementation' and/or device 'xc7a100t'
INFO: [DRC 23-27] Running DRC with 2 threads
INFO: [Vivado_Tcl 4-198] DRC finished with 0 Errors
INFO: [Vivado_Tcl 4-199] Please refer to the DRC report (report_drc) for more information.
Running DRC as a precondition to command place_design
INFO: [DRC 23-27] Running DRC with 2 threads
INFO: [Vivado_Tcl 4-198] DRC finished with 0 Errors
INFO: [Vivado_Tcl 4-199] Please refer to the DRC report (report_drc) for more information.

Starting Placer Task
INFO: [Place 30-611] Multithreading enabled for place_design using a maximum of 2 CPUs

Phase 1 Placer Initialization

Phase 1.1 Placer Initialization Netlist Sorting
Netlist sorting complete. Time (s): cpu = 00:00:00 ; elapsed = 00:00:00.007 . Memory (MB): peak = 2129.996 ; gain = 0.000
Phase 1.1 Placer Initialization Netlist Sorting | Checksum: 1306197a9

Time (s): cpu = 00:00:00 ; elapsed = 00:00:00.012 . Memory (MB): peak = 2129.996 ; gain = 0.000
Netlist sorting complete. Time (s): cpu = 00:00:00 ; elapsed = 00:00:00.006 . Memory (MB): peak = 2129.996 ; gain = 0.000

Phase 1.2 IO Placement/ Clock Placement/ Build Placer Device
Phase 1.2 IO Placement/ Clock Placement/ Build Placer Device | Checksum: 1509cfd69

Time (s): cpu = 00:00:00 ; elapsed = 00:00:00.382 . Memory (MB): peak = 2129.996 ; gain = 0.000

Phase 1.3 Build Placer Netlist Model
Phase 1.3 Build Placer Netlist Model | Checksum: 111c744db

Time (s): cpu = 00:00:01 ; elapsed = 00:00:01 . Memory (MB): peak = 2129.996 ; gain = 0.000

Phase 1.4 Constrain Clocks/Macros
Phase 1.4 Constrain Clocks/Macros | Checksum: 111c744db

Time (s): cpu = 00:00:01 ; elapsed = 00:00:01 . Memory (MB): peak = 2129.996 ; gain = 0.000
Phase 1 Placer Initialization | Checksum: 111c744db

Time (s): cpu = 00:00:01 ; elapsed = 00:00:01 . Memory (MB): peak = 2129.996 ; gain = 0.000

Phase 2 Global Placement

Phase 2.1 Floorplanning
Phase 2.1 Floorplanning | Checksum: 186913062

Time (s): cpu = 00:00:01 ; elapsed = 00:00:02 . Memory (MB): peak = 2129.996 ; gain = 0.000

Phase 2.2 Update Timing before SLR Path Opt
Phase 2.2 Update Timing before SLR Path Opt | Checksum: 1867cedfb

Time (s): cpu = 00:00:01 ; elapsed = 00:00:02 . Memory (MB): peak = 2129.996 ; gain = 0.000

Phase 2.3 Post-Processing in Floorplanning
Phase 2.3 Post-Processing in Floorplanning | Checksum: 1867cedfb

Time (s): cpu = 00:00:01 ; elapsed = 00:00:02 . Memory (MB): peak = 2129.996 ; gain = 0.000

Phase 2.4 Global Placement Core

Phase 2.4.1 UpdateTiming Before Physical Synthesis
Phase 2.4.1 UpdateTiming Before Physical Synthesis | Checksum: 3d18f8c6

Time (s): cpu = 00:00:02 ; elapsed = 00:00:06 . Memory (MB): peak = 2129.996 ; gain = 0.000

Phase 2.4.2 Physical Synthesis In Placer
INFO: [Physopt 32-1035] Found 0 LUTNM shape to break, 197 LUT instances to create LUTNM shape
INFO: [Physopt 32-1044] Break lutnm for timing: one critical 0, two critical 0, total 0, new lutff created 0
INFO: [Physopt 32-1138] End 1 Pass. Optimized 90 nets or LUTs. Breaked 0 LUT, combined 90 existing LUTs and moved 0 existing LUT
INFO: [Physopt 32-65] No nets found for high-fanout optimization.
INFO: [Physopt 32-232] Optimized 0 net. Created 0 new instance.
INFO: [Physopt 32-775] End 1 Pass. Optimized 0 net or cell. Created 0 new cell, deleted 0 existing cell and moved 0 existing cell
INFO: [Physopt 32-670] No setup violation found.  DSP Register Optimization was not performed.
INFO: [Physopt 32-670] No setup violation found.  Shift Register to Pipeline Optimization was not performed.
INFO: [Physopt 32-670] No setup violation found.  Shift Register Optimization was not performed.
INFO: [Physopt 32-670] No setup violation found.  BRAM Register Optimization was not performed.
INFO: [Physopt 32-670] No setup violation found.  URAM Register Optimization was not performed.
INFO: [Physopt 32-949] No candidate nets found for dynamic/static region interface net replication
INFO: [Physopt 32-775] End 1 Pass. Optimized 0 net or cell. Created 0 new cell, deleted 0 existing cell and moved 0 existing cell
Netlist sorting complete. Time (s): cpu = 00:00:00 ; elapsed = 00:00:00.007 . Memory (MB): peak = 2129.996 ; gain = 0.000

Summary of Physical Synthesis Optimizations
============================================


-----------------------------------------------------------------------------------------------------------------------------------------------------------
|  Optimization                                     |  Added Cells  |  Removed Cells  |  Optimized Cells/Nets  |  Dont Touch  |  Iterations  |  Elapsed   |
-----------------------------------------------------------------------------------------------------------------------------------------------------------
|  LUT Combining                                    |            0  |             90  |                    90  |           0  |           1  |  00:00:00  |
|  Retime                                           |            0  |              0  |                     0  |           0  |           1  |  00:00:00  |
|  Very High Fanout                                 |            0  |              0  |                     0  |           0  |           1  |  00:00:00  |
|  DSP Register                                     |            0  |              0  |                     0  |           0  |           0  |  00:00:00  |
|  Shift Register to Pipeline                       |            0  |              0  |                     0  |           0  |           0  |  00:00:00  |
|  Shift Register                                   |            0  |              0  |                     0  |           0  |           0  |  00:00:00  |
|  BRAM Register                                    |            0  |              0  |                     0  |           0  |           0  |  00:00:00  |
|  URAM Register                                    |            0  |              0  |                     0  |           0  |           0  |  00:00:00  |
|  Dynamic/Static Region Interface Net Replication  |            0  |              0  |                     0  |           0  |           1  |  00:00:00  |
|  Total                                            |            0  |             90  |                    90  |           0  |           4  |  00:00:00  |
-----------------------------------------------------------------------------------------------------------------------------------------------------------


Phase 2.4.2 Physical Synthesis In Placer | Checksum: 14bc152d2

Time (s): cpu = 00:00:02 ; elapsed = 00:00:06 . Memory (MB): peak = 2129.996 ; gain = 0.000
Phase 2.4 Global Placement Core | Checksum: 13e14c6da

Time (s): cpu = 00:00:02 ; elapsed = 00:00:07 . Memory (MB): peak = 2129.996 ; gain = 0.000
Phase 2 Global Placement | Checksum: 13e14c6da

Time (s): cpu = 00:00:02 ; elapsed = 00:00:07 . Memory (MB): peak = 2129.996 ; gain = 0.000

Phase 3 Detail Placement

Phase 3.1 Commit Multi Column Macros
Phase 3.1 Commit Multi Column Macros | Checksum: 164ed28f1

Time (s): cpu = 00:00:02 ; elapsed = 00:00:07 . Memory (MB): peak = 2129.996 ; gain = 0.000

Phase 3.2 Commit Most Macros & LUTRAMs
Phase 3.2 Commit Most Macros & LUTRAMs | Checksum: 1c0b211e1

Time (s): cpu = 00:00:02 ; elapsed = 00:00:07 . Memory (MB): peak = 2129.996 ; gain = 0.000

Phase 3.3 Area Swap Optimization
Phase 3.3 Area Swap Optimization | Checksum: 1a9347af8

Time (s): cpu = 00:00:02 ; elapsed = 00:00:08 . Memory (MB): peak = 2129.996 ; gain = 0.000

Phase 3.4 Pipeline Register Optimization
Phase 3.4 Pipeline Register Optimization | Checksum: 1f6d4754e

Time (s): cpu = 00:00:02 ; elapsed = 00:00:08 . Memory (MB): peak = 2129.996 ; gain = 0.000

Phase 3.5 Small Shape Detail Placement
Phase 3.5 Small Shape Detail Placement | Checksum: 1544b1f19

Time (s): cpu = 00:00:02 ; elapsed = 00:00:09 . Memory (MB): peak = 2129.996 ; gain = 0.000

Phase 3.6 Re-assign LUT pins
Phase 3.6 Re-assign LUT pins | Checksum: 10e847060

Time (s): cpu = 00:00:02 ; elapsed = 00:00:09 . Memory (MB): peak = 2129.996 ; gain = 0.000

Phase 3.7 Pipeline Register Optimization
Phase 3.7 Pipeline Register Optimization | Checksum: 1881411ec

Time (s): cpu = 00:00:03 ; elapsed = 00:00:09 . Memory (MB): peak = 2129.996 ; gain = 0.000
Phase 3 Detail Placement | Checksum: 1881411ec

Time (s): cpu = 00:00:03 ; elapsed = 00:00:09 . Memory (MB): peak = 2129.996 ; gain = 0.000

Phase 4 Post Placement Optimization and Clean-Up

Phase 4.1 Post Commit Optimization
INFO: [Timing 38-35] Done setting XDC timing constraints.

Phase 4.1.1 Post Placement Optimization
Post Placement Optimization Initialization | Checksum: 1015823fc

Phase 4.1.1.1 BUFG Insertion

Starting Physical Synthesis Task

Phase 1 Physical Synthesis Initialization
INFO: [Physopt 32-721] Multithreading enabled for phys_opt_design using a maximum of 2 CPUs
INFO: [Physopt 32-619] Estimated Timing Summary | WNS=1.987 | TNS=0.000 |
Phase 1 Physical Synthesis Initialization | Checksum: 17d572425

Time (s): cpu = 00:00:00 ; elapsed = 00:00:00.237 . Memory (MB): peak = 2129.996 ; gain = 0.000
INFO: [Place 46-56] BUFG insertion identified 0 candidate nets. Inserted BUFG: 0, Replicated BUFG Driver: 0, Skipped due to Placement/Routing Conflicts: 0, Skipped due to Timing Degradation: 0, Skipped due to Illegal Netlist: 0.
Ending Physical Synthesis Task | Checksum: aa599ce3

Time (s): cpu = 00:00:00 ; elapsed = 00:00:00.269 . Memory (MB): peak = 2129.996 ; gain = 0.000
Phase 4.1.1.1 BUFG Insertion | Checksum: 1015823fc

Time (s): cpu = 00:00:03 ; elapsed = 00:00:11 . Memory (MB): peak = 2129.996 ; gain = 0.000

Phase 4.1.1.2 Post Placement Timing Optimization
INFO: [Place 30-746] Post Placement Timing Summary WNS=1.987. For the most accurate timing information please run report_timing.
Phase 4.1.1.2 Post Placement Timing Optimization | Checksum: 69f4a226

Time (s): cpu = 00:00:03 ; elapsed = 00:00:11 . Memory (MB): peak = 2129.996 ; gain = 0.000

Time (s): cpu = 00:00:03 ; elapsed = 00:00:11 . Memory (MB): peak = 2129.996 ; gain = 0.000
Phase 4.1 Post Commit Optimization | Checksum: 69f4a226

Time (s): cpu = 00:00:03 ; elapsed = 00:00:11 . Memory (MB): peak = 2129.996 ; gain = 0.000

Phase 4.2 Post Placement Cleanup
Phase 4.2 Post Placement Cleanup | Checksum: 69f4a226

Time (s): cpu = 00:00:03 ; elapsed = 00:00:11 . Memory (MB): peak = 2129.996 ; gain = 0.000

Phase 4.3 Placer Reporting

Phase 4.3.1 Print Estimated Congestion
INFO: [Place 30-612] Post-Placement Estimated Congestion 
 ____________________________________________________
|           | Global Congestion | Short Congestion  |
| Direction | Region Size       | Region Size       |
|___________|___________________|___________________|
|      North|                1x1|                2x2|
|___________|___________________|___________________|
|      South|                1x1|                1x1|
|___________|___________________|___________________|
|       East|                1x1|                1x1|
|___________|___________________|___________________|
|       West|                1x1|                1x1|
|___________|___________________|___________________|

Phase 4.3.1 Print Estimated Congestion | Checksum: 69f4a226

Time (s): cpu = 00:00:03 ; elapsed = 00:00:11 . Memory (MB): peak = 2129.996 ; gain = 0.000
Phase 4.3 Placer Reporting | Checksum: 69f4a226

Time (s): cpu = 00:00:03 ; elapsed = 00:00:11 . Memory (MB): peak = 2129.996 ; gain = 0.000

Phase 4.4 Final Placement Cleanup
Netlist sorting complete. Time (s): cpu = 00:00:00 ; elapsed = 00:00:00.006 . Memory (MB): peak = 2129.996 ; gain = 0.000

Time (s): cpu = 00:00:03 ; elapsed = 00:00:11 . Memory (MB): peak = 2129.996 ; gain = 0.000
Phase 4 Post Placement Optimization and Clean-Up | Checksum: 54fdbadc

Time (s): cpu = 00:00:03 ; elapsed = 00:00:11 . Memory (MB): peak = 2129.996 ; gain = 0.000
Ending Placer Task | Checksum: 0defbbcf

Time (s): cpu = 00:00:03 ; elapsed = 00:00:11 . Memory (MB): peak = 2129.996 ; gain = 0.000
INFO: [Common 17-83] Releasing license: Implementation
93 Infos, 25 Warnings, 0 Critical Warnings and 0 Errors encountered.
place_design completed successfully
place_design: Time (s): cpu = 00:00:04 ; elapsed = 00:00:12 . Memory (MB): peak = 2129.996 ; gain = 0.000
INFO: [Timing 38-480] Writing timing data to binary archive.
Writing XDEF routing.
Writing XDEF routing logical nets.
Writing XDEF routing special nets.
Write XDEF Complete: Time (s): cpu = 00:00:01 ; elapsed = 00:00:00.641 . Memory (MB): peak = 2129.996 ; gain = 0.000
INFO: [Common 17-1381] The checkpoint 'C:/Users/jadha/OneDrive/Desktop/TA/ECE544-Winter24/github_repo/Inclinometer/Inclinometer/Inclinometer.runs/impl_1/inclinometer_placed.dcp' has been generated.
INFO: [runtcl-4] Executing : report_io -file inclinometer_io_placed.rpt
report_io: Time (s): cpu = 00:00:00 ; elapsed = 00:00:00.041 . Memory (MB): peak = 2129.996 ; gain = 0.000
INFO: [runtcl-4] Executing : report_utilization -file inclinometer_utilization_placed.rpt -pb inclinometer_utilization_placed.pb
INFO: [runtcl-4] Executing : report_control_sets -verbose -file inclinometer_control_sets_placed.rpt
report_control_sets: Time (s): cpu = 00:00:00 ; elapsed = 00:00:00.018 . Memory (MB): peak = 2129.996 ; gain = 0.000
Command: phys_opt_design
Attempting to get a license for feature 'Implementation' and/or device 'xc7a100t'
INFO: [Common 17-349] Got license for feature 'Implementation' and/or device 'xc7a100t'

Starting Initial Update Timing Task

Time (s): cpu = 00:00:00 ; elapsed = 00:00:00.773 . Memory (MB): peak = 2129.996 ; gain = 0.000
INFO: [Vivado_Tcl 4-383] Design worst setup slack (WNS) is greater than or equal to 0.000 ns. Skipping all physical synthesis optimizations.
INFO: [Vivado_Tcl 4-232] No setup violation found. The netlist was not modified.
INFO: [Common 17-83] Releasing license: Implementation
102 Infos, 25 Warnings, 0 Critical Warnings and 0 Errors encountered.
phys_opt_design completed successfully
INFO: [Timing 38-480] Writing timing data to binary archive.
Writing XDEF routing.
Writing XDEF routing logical nets.
Writing XDEF routing special nets.
Write XDEF Complete: Time (s): cpu = 00:00:01 ; elapsed = 00:00:00.686 . Memory (MB): peak = 2129.996 ; gain = 0.000
INFO: [Common 17-1381] The checkpoint 'C:/Users/jadha/OneDrive/Desktop/TA/ECE544-Winter24/github_repo/Inclinometer/Inclinometer/Inclinometer.runs/impl_1/inclinometer_physopt.dcp' has been generated.
Command: route_design
Attempting to get a license for feature 'Implementation' and/or device 'xc7a100t'
INFO: [Common 17-349] Got license for feature 'Implementation' and/or device 'xc7a100t'
Running DRC as a precondition to command route_design
INFO: [DRC 23-27] Running DRC with 2 threads
INFO: [Vivado_Tcl 4-198] DRC finished with 0 Errors
INFO: [Vivado_Tcl 4-199] Please refer to the DRC report (report_drc) for more information.


Starting Routing Task
INFO: [Route 35-254] Multithreading enabled for route_design using a maximum of 2 CPUs

Phase 1 Build RT Design
Checksum: PlaceDB: b73f9a1 ConstDB: 0 ShapeSum: 27bc22e RouteDB: 0
Post Restoration Checksum: NetGraph: 74ab4caf NumContArr: f7881838 Constraints: 0 Timing: 0
Phase 1 Build RT Design | Checksum: 16c3364e7

Time (s): cpu = 00:00:04 ; elapsed = 00:00:22 . Memory (MB): peak = 2198.961 ; gain = 68.965

Phase 2 Router Initialization

Phase 2.1 Fix Topology Constraints
Phase 2.1 Fix Topology Constraints | Checksum: 16c3364e7

Time (s): cpu = 00:00:04 ; elapsed = 00:00:22 . Memory (MB): peak = 2205.578 ; gain = 75.582

Phase 2.2 Pre Route Cleanup
Phase 2.2 Pre Route Cleanup | Checksum: 16c3364e7

Time (s): cpu = 00:00:04 ; elapsed = 00:00:22 . Memory (MB): peak = 2205.578 ; gain = 75.582
 Number of Nodes with overlaps = 0

Phase 2.3 Update Timing
Phase 2.3 Update Timing | Checksum: 1bde84fda

Time (s): cpu = 00:00:05 ; elapsed = 00:00:24 . Memory (MB): peak = 2232.449 ; gain = 102.453
INFO: [Route 35-416] Intermediate Timing Summary | WNS=2.087  | TNS=0.000  | WHS=-0.188 | THS=-48.959|


Router Utilization Summary
  Global Vertical Routing Utilization    = 0.00365583 %
  Global Horizontal Routing Utilization  = 0.00383632 %
  Routable Net Status*
  *Does not include unroutable nets such as driverless and loadless.
  Run report_route_status for detailed report.
  Number of Failed Nets               = 4983
    (Failed Nets is the sum of unrouted and partially routed nets)
  Number of Unrouted Nets             = 4983
  Number of Partially Routed Nets     = 0
  Number of Node Overlaps             = 0

Phase 2 Router Initialization | Checksum: 1d494a0da

Time (s): cpu = 00:00:05 ; elapsed = 00:00:25 . Memory (MB): peak = 2239.215 ; gain = 109.219

Phase 3 Initial Routing

Phase 3.1 Global Routing
Phase 3.1 Global Routing | Checksum: 1d494a0da

Time (s): cpu = 00:00:05 ; elapsed = 00:00:25 . Memory (MB): peak = 2239.215 ; gain = 109.219
Phase 3 Initial Routing | Checksum: 16a1560a4

Time (s): cpu = 00:00:05 ; elapsed = 00:00:27 . Memory (MB): peak = 2257.977 ; gain = 127.980

Phase 4 Rip-up And Reroute

Phase 4.1 Global Iteration 0
 Number of Nodes with overlaps = 514
 Number of Nodes with overlaps = 56
 Number of Nodes with overlaps = 12
 Number of Nodes with overlaps = 2
 Number of Nodes with overlaps = 0
INFO: [Route 35-416] Intermediate Timing Summary | WNS=1.172  | TNS=0.000  | WHS=N/A    | THS=N/A    |

Phase 4.1 Global Iteration 0 | Checksum: 1dc0932e6

Time (s): cpu = 00:00:06 ; elapsed = 00:00:30 . Memory (MB): peak = 2257.977 ; gain = 127.980
Phase 4 Rip-up And Reroute | Checksum: 1dc0932e6

Time (s): cpu = 00:00:06 ; elapsed = 00:00:30 . Memory (MB): peak = 2257.977 ; gain = 127.980

Phase 5 Delay and Skew Optimization

Phase 5.1 Delay CleanUp

Phase 5.1.1 Update Timing
Phase 5.1.1 Update Timing | Checksum: 17c2a90eb

Time (s): cpu = 00:00:06 ; elapsed = 00:00:30 . Memory (MB): peak = 2257.977 ; gain = 127.980
INFO: [Route 35-416] Intermediate Timing Summary | WNS=1.179  | TNS=0.000  | WHS=N/A    | THS=N/A    |

Phase 5.1 Delay CleanUp | Checksum: 17c2a90eb

Time (s): cpu = 00:00:06 ; elapsed = 00:00:30 . Memory (MB): peak = 2257.977 ; gain = 127.980

Phase 5.2 Clock Skew Optimization
Phase 5.2 Clock Skew Optimization | Checksum: 17c2a90eb

Time (s): cpu = 00:00:06 ; elapsed = 00:00:30 . Memory (MB): peak = 2257.977 ; gain = 127.980
Phase 5 Delay and Skew Optimization | Checksum: 17c2a90eb

Time (s): cpu = 00:00:06 ; elapsed = 00:00:30 . Memory (MB): peak = 2257.977 ; gain = 127.980

Phase 6 Post Hold Fix

Phase 6.1 Hold Fix Iter

Phase 6.1.1 Update Timing
Phase 6.1.1 Update Timing | Checksum: 2607feb55

Time (s): cpu = 00:00:06 ; elapsed = 00:00:30 . Memory (MB): peak = 2257.977 ; gain = 127.980
INFO: [Route 35-416] Intermediate Timing Summary | WNS=1.179  | TNS=0.000  | WHS=0.012  | THS=0.000  |

Phase 6.1 Hold Fix Iter | Checksum: 1e79a1b90

Time (s): cpu = 00:00:06 ; elapsed = 00:00:30 . Memory (MB): peak = 2257.977 ; gain = 127.980
Phase 6 Post Hold Fix | Checksum: 1e79a1b90

Time (s): cpu = 00:00:06 ; elapsed = 00:00:30 . Memory (MB): peak = 2257.977 ; gain = 127.980

Phase 7 Route finalize

Router Utilization Summary
  Global Vertical Routing Utilization    = 1.11472 %
  Global Horizontal Routing Utilization  = 1.44508 %
  Routable Net Status*
  *Does not include unroutable nets such as driverless and loadless.
  Run report_route_status for detailed report.
  Number of Failed Nets               = 0
    (Failed Nets is the sum of unrouted and partially routed nets)
  Number of Unrouted Nets             = 0
  Number of Partially Routed Nets     = 0
  Number of Node Overlaps             = 0

Phase 7 Route finalize | Checksum: 1e37abbcd

Time (s): cpu = 00:00:06 ; elapsed = 00:00:30 . Memory (MB): peak = 2257.977 ; gain = 127.980

Phase 8 Verifying routed nets

 Verification completed successfully
Phase 8 Verifying routed nets | Checksum: 1e37abbcd

Time (s): cpu = 00:00:06 ; elapsed = 00:00:30 . Memory (MB): peak = 2257.977 ; gain = 127.980

Phase 9 Depositing Routes
Phase 9 Depositing Routes | Checksum: 1fd9d8c8d

Time (s): cpu = 00:00:06 ; elapsed = 00:00:31 . Memory (MB): peak = 2257.977 ; gain = 127.980

Phase 10 Post Router Timing
INFO: [Route 35-57] Estimated Timing Summary | WNS=1.179  | TNS=0.000  | WHS=0.012  | THS=0.000  |

INFO: [Route 35-327] The final timing numbers are based on the router estimated timing analysis. For a complete and accurate timing signoff, please run report_timing_summary.
Phase 10 Post Router Timing | Checksum: 1fd9d8c8d

Time (s): cpu = 00:00:06 ; elapsed = 00:00:31 . Memory (MB): peak = 2257.977 ; gain = 127.980
INFO: [Route 35-16] Router Completed Successfully

Time (s): cpu = 00:00:06 ; elapsed = 00:00:31 . Memory (MB): peak = 2257.977 ; gain = 127.980

Routing Is Done.
INFO: [Common 17-83] Releasing license: Implementation
117 Infos, 25 Warnings, 0 Critical Warnings and 0 Errors encountered.
route_design completed successfully
route_design: Time (s): cpu = 00:00:07 ; elapsed = 00:00:44 . Memory (MB): peak = 2257.977 ; gain = 127.980
INFO: [Timing 38-480] Writing timing data to binary archive.
Writing XDEF routing.
Writing XDEF routing logical nets.
Writing XDEF routing special nets.
Write XDEF Complete: Time (s): cpu = 00:00:01 ; elapsed = 00:00:00.563 . Memory (MB): peak = 2257.977 ; gain = 0.000
INFO: [Common 17-1381] The checkpoint 'C:/Users/jadha/OneDrive/Desktop/TA/ECE544-Winter24/github_repo/Inclinometer/Inclinometer/Inclinometer.runs/impl_1/inclinometer_routed.dcp' has been generated.
INFO: [runtcl-4] Executing : report_drc -file inclinometer_drc_routed.rpt -pb inclinometer_drc_routed.pb -rpx inclinometer_drc_routed.rpx
Command: report_drc -file inclinometer_drc_routed.rpt -pb inclinometer_drc_routed.pb -rpx inclinometer_drc_routed.rpx
INFO: [IP_Flow 19-1839] IP Catalog is up to date.
INFO: [DRC 23-27] Running DRC with 2 threads
INFO: [Vivado_Tcl 2-168] The results of DRC are in file C:/Users/jadha/OneDrive/Desktop/TA/ECE544-Winter24/github_repo/Inclinometer/Inclinometer/Inclinometer.runs/impl_1/inclinometer_drc_routed.rpt.
report_drc completed successfully
INFO: [runtcl-4] Executing : report_methodology -file inclinometer_methodology_drc_routed.rpt -pb inclinometer_methodology_drc_routed.pb -rpx inclinometer_methodology_drc_routed.rpx
Command: report_methodology -file inclinometer_methodology_drc_routed.rpt -pb inclinometer_methodology_drc_routed.pb -rpx inclinometer_methodology_drc_routed.rpx
INFO: [Timing 38-35] Done setting XDC timing constraints.
INFO: [DRC 23-133] Running Methodology with 2 threads
INFO: [Vivado_Tcl 2-1520] The results of Report Methodology are in file C:/Users/jadha/OneDrive/Desktop/TA/ECE544-Winter24/github_repo/Inclinometer/Inclinometer/Inclinometer.runs/impl_1/inclinometer_methodology_drc_routed.rpt.
report_methodology completed successfully
INFO: [runtcl-4] Executing : report_power -file inclinometer_power_routed.rpt -pb inclinometer_power_summary_routed.pb -rpx inclinometer_power_routed.rpx
Command: report_power -file inclinometer_power_routed.rpt -pb inclinometer_power_summary_routed.pb -rpx inclinometer_power_routed.rpx
INFO: [Timing 38-35] Done setting XDC timing constraints.
Running Vector-less Activity Propagation...

Finished Running Vector-less Activity Propagation
WARNING: [Power 33-332] Found switching activity that implies high-fanout reset nets being asserted for excessive periods of time which may result in inaccurate power analysis.
Resolution: To review and fix problems, please run Power Constraints Advisor in the GUI from Tools > Power Constraints Advisor or run report_power with the -advisory option to generate a text report.
129 Infos, 26 Warnings, 0 Critical Warnings and 0 Errors encountered.
report_power completed successfully
INFO: [runtcl-4] Executing : report_route_status -file inclinometer_route_status.rpt -pb inclinometer_route_status.pb
INFO: [runtcl-4] Executing : report_timing_summary -max_paths 10 -report_unconstrained -file inclinometer_timing_summary_routed.rpt -pb inclinometer_timing_summary_routed.pb -rpx inclinometer_timing_summary_routed.rpx -warn_on_violation 
INFO: [Timing 38-91] UpdateTimingParams: Speed grade: -1, Delay Type: min_max.
INFO: [Timing 38-191] Multithreading enabled for timing update using a maximum of 2 CPUs
INFO: [runtcl-4] Executing : report_incremental_reuse -file inclinometer_incremental_reuse_routed.rpt
INFO: [Vivado_Tcl 4-1062] Incremental flow is disabled. No incremental reuse Info to report.
INFO: [runtcl-4] Executing : report_clock_utilization -file inclinometer_clock_utilization_routed.rpt
INFO: [runtcl-4] Executing : report_bus_skew -warn_on_violation -file inclinometer_bus_skew_routed.rpt -pb inclinometer_bus_skew_routed.pb -rpx inclinometer_bus_skew_routed.rpx
INFO: [Timing 38-91] UpdateTimingParams: Speed grade: -1, Delay Type: min_max.
INFO: [Timing 38-191] Multithreading enabled for timing update using a maximum of 2 CPUs
Command: write_bitstream -force inclinometer.bit
Attempting to get a license for feature 'Implementation' and/or device 'xc7a100t'
INFO: [Common 17-349] Got license for feature 'Implementation' and/or device 'xc7a100t'
Running DRC as a precondition to command write_bitstream
INFO: [IP_Flow 19-1839] IP Catalog is up to date.
INFO: [DRC 23-27] Running DRC with 2 threads
INFO: [Vivado 12-3199] DRC finished with 0 Errors
INFO: [Vivado 12-3200] Please refer to the DRC report (report_drc) for more information.
INFO: [Designutils 20-2272] Running write_bitstream with 2 threads.
Loading data files...
Loading site data...
Loading route data...
Processing options...
Creating bitmap...
Creating bitstream...
Writing bitstream ./inclinometer.bit...
INFO: [Vivado 12-1842] Bitgen Completed Successfully.
INFO: [Project 1-1876] WebTalk data collection is mandatory when using a ULT device. To see the specific WebTalk data collected for your design, open the usage_statistics_webtalk.html or usage_statistics_webtalk.xml file in the implementation directory.
INFO: [Common 17-83] Releasing license: Implementation
12 Infos, 0 Warnings, 0 Critical Warnings and 0 Errors encountered.
write_bitstream completed successfully
write_bitstream: Time (s): cpu = 00:00:03 ; elapsed = 00:00:30 . Memory (MB): peak = 2735.117 ; gain = 474.305
INFO: [Common 17-206] Exiting Vivado at Tue Jan 30 17:14:15 2024...
